# JRE version: OpenJDK Runtime Environment Temurin-21.0.8+9 (21.0.8+9) (build 21.0.8+9-LTS)
# Java VM: OpenJDK 64-Bit Server VM Temurin-21.0.8+9 (21.0.8+9-LTS, mixed mode, sharing, tiered, compressed oops, compressed class ptrs, parallel gc, windows-amd64)
GC Precious Log:
 CardTable entry size: 512
 CPUs: 12 total, 12 available
 Memory: 24363M
 Large Page Support: Disabled
 NUMA Support: Disabled
 Compressed Oops: Enabled (32-bit)
 Alignments: Space 512K, Generation 512K, Heap 2M
 Heap Min Capacity: 100M
 Heap Initial Capacity: 100M
 Heap Max Capacity: 2G
 Pre-touch: Disabled
 Parallel Workers: 10
Heap:
 PSYoungGen      total 21504K, used 17075K [0x00000000d5580000, 0x00000000d7180000, 0x0000000100000000)
  eden space 18944K, 79% used [0x00000000d5580000,0x00000000d642ce58,0x00000000d6800000)
  from space 2560K, 80% used [0x00000000d6f00000,0x00000000d7100020,0x00000000d7180000)
  to   space 3584K, 0% used [0x00000000d6a80000,0x00000000d6a80000,0x00000000d6e00000)
 ParOldGen       total 195072K, used 194560K [0x0000000080000000, 0x000000008be80000, 0x00000000d5580000)
  object space 195072K, 99% used [0x0000000080000000,0x000000008be00258,0x000000008be80000)
 Metaspace       used 75180K, committed 76736K, reserved 1179648K
  class space    used 8013K, committed 8640K, reserved 1048576K
GC Heap History (20 events):
Event: 46.891 GC heap before
{Heap before GC invocations=122 (full 3):
 PSYoungGen      total 20480K, used 20352K [0x00000000d5580000, 0x00000000d6c00000, 0x0000000100000000)
  eden space 18944K, 100% used [0x00000000d5580000,0x00000000d6800000,0x00000000d6800000)
  from space 1536K, 91% used [0x00000000d6a80000,0x00000000d6be0000,0x00000000d6c00000)
  to   space 2048K, 0% used [0x00000000d6800000,0x00000000d6800000,0x00000000d6a00000)
 ParOldGen       total 184320K, used 184046K [0x0000000080000000, 0x000000008b400000, 0x00000000d5580000)
  object space 184320K, 99% used [0x0000000080000000,0x000000008b3bb9d0,0x000000008b400000)
 Metaspace       used 71673K, committed 73152K, reserved 1114112K
  class space    used 7655K, committed 8256K, reserved 1048576K
}
Event: 46.893 GC heap after
{Heap after GC invocations=122 (full 3):
 PSYoungGen      total 20992K, used 1536K [0x00000000d5580000, 0x00000000d6c00000, 0x0000000100000000)
  eden space 18944K, 0% used [0x00000000d5580000,0x00000000d5580000,0x00000000d6800000)
  from space 2048K, 75% used [0x00000000d6800000,0x00000000d6980000,0x00000000d6a00000)
  to   space 2048K, 0% used [0x00000000d6a00000,0x00000000d6a00000,0x00000000d6c00000)
 ParOldGen       total 185344K, used 184846K [0x0000000080000000, 0x000000008b500000, 0x00000000d5580000)
  object space 185344K, 99% used [0x0000000080000000,0x000000008b4839d0,0x000000008b500000)
 Metaspace       used 71673K, committed 73152K, reserved 1114112K
  class space    used 7655K, committed 8256K, reserved 1048576K
}
Event: 47.371 GC heap before
{Heap before GC invocations=123 (full 3):
 PSYoungGen      total 20992K, used 20480K [0x00000000d5580000, 0x00000000d6c00000, 0x0000000100000000)
  eden space 18944K, 100% used [0x00000000d5580000,0x00000000d6800000,0x00000000d6800000)
  from space 2048K, 75% used [0x00000000d6800000,0x00000000d6980000,0x00000000d6a00000)
  to   space 2048K, 0% used [0x00000000d6a00000,0x00000000d6a00000,0x00000000d6c00000)
 ParOldGen       total 185344K, used 184846K [0x0000000080000000, 0x000000008b500000, 0x00000000d5580000)
  object space 185344K, 99% used [0x0000000080000000,0x000000008b4839d0,0x000000008b500000)
 Metaspace       used 71782K, committed 73408K, reserved 1114112K
  class space    used 7667K, committed 8320K, reserved 1048576K
}
Event: 47.373 GC heap after
{Heap after GC invocations=123 (full 3):
 PSYoungGen      total 20480K, used 1120K [0x00000000d5580000, 0x00000000d6b80000, 0x0000000100000000)
  eden space 18944K, 0% used [0x00000000d5580000,0x00000000d5580000,0x00000000d6800000)
  from space 1536K, 72% used [0x00000000d6a00000,0x00000000d6b18000,0x00000000d6b80000)
  to   space 1536K, 0% used [0x00000000d6880000,0x00000000d6880000,0x00000000d6a00000)
 ParOldGen       total 185856K, used 185702K [0x0000000080000000, 0x000000008b580000, 0x00000000d5580000)
  object space 185856K, 99% used [0x0000000080000000,0x000000008b5599d0,0x000000008b580000)
 Metaspace       used 71782K, committed 73408K, reserved 1114112K
  class space    used 7667K, committed 8320K, reserved 1048576K
}
Event: 47.981 GC heap before
{Heap before GC invocations=124 (full 3):
 PSYoungGen      total 20480K, used 20064K [0x00000000d5580000, 0x00000000d6b80000, 0x0000000100000000)
  eden space 18944K, 100% used [0x00000000d5580000,0x00000000d6800000,0x00000000d6800000)
  from space 1536K, 72% used [0x00000000d6a00000,0x00000000d6b18000,0x00000000d6b80000)
  to   space 1536K, 0% used [0x00000000d6880000,0x00000000d6880000,0x00000000d6a00000)
 ParOldGen       total 185856K, used 185702K [0x0000000080000000, 0x000000008b580000, 0x00000000d5580000)
  object space 185856K, 99% used [0x0000000080000000,0x000000008b5599d0,0x000000008b580000)
 Metaspace       used 71967K, committed 73472K, reserved 1114112K
  class space    used 7677K, committed 8320K, reserved 1048576K
}
Event: 47.983 GC heap after
{Heap after GC invocations=124 (full 3):
 PSYoungGen      total 19968K, used 672K [0x00000000d5580000, 0x00000000d6a80000, 0x0000000100000000)
  eden space 18944K, 0% used [0x00000000d5580000,0x00000000d5580000,0x00000000d6800000)
  from space 1024K, 65% used [0x00000000d6880000,0x00000000d6928020,0x00000000d6980000)
  to   space 1024K, 0% used [0x00000000d6980000,0x00000000d6980000,0x00000000d6a80000)
 ParOldGen       total 186880K, used 186534K [0x0000000080000000, 0x000000008b680000, 0x00000000d5580000)
  object space 186880K, 99% used [0x0000000080000000,0x000000008b6299d0,0x000000008b680000)
 Metaspace       used 71967K, committed 73472K, reserved 1114112K
  class space    used 7677K, committed 8320K, reserved 1048576K
}
Event: 48.110 GC heap before
{Heap before GC invocations=125 (full 3):
 PSYoungGen      total 19968K, used 19616K [0x00000000d5580000, 0x00000000d6a80000, 0x0000000100000000)
  eden space 18944K, 100% used [0x00000000d5580000,0x00000000d6800000,0x00000000d6800000)
  from space 1024K, 65% used [0x00000000d6880000,0x00000000d6928020,0x00000000d6980000)
  to   space 1024K, 0% used [0x00000000d6980000,0x00000000d6980000,0x00000000d6a80000)
 ParOldGen       total 186880K, used 186534K [0x0000000080000000, 0x000000008b680000, 0x00000000d5580000)
  object space 186880K, 99% used [0x0000000080000000,0x000000008b6299d0,0x000000008b680000)
 Metaspace       used 72200K, committed 73664K, reserved 1179648K
  class space    used 7707K, committed 8320K, reserved 1048576K
}
Event: 48.112 GC heap after
{Heap after GC invocations=125 (full 3):
 PSYoungGen      total 19968K, used 800K [0x00000000d5580000, 0x00000000d6a80000, 0x0000000100000000)
  eden space 18944K, 0% used [0x00000000d5580000,0x00000000d5580000,0x00000000d6800000)
  from space 1024K, 78% used [0x00000000d6980000,0x00000000d6a48040,0x00000000d6a80000)
  to   space 1024K, 0% used [0x00000000d6880000,0x00000000d6880000,0x00000000d6980000)
 ParOldGen       total 187392K, used 187074K [0x0000000080000000, 0x000000008b700000, 0x00000000d5580000)
  object space 187392K, 99% used [0x0000000080000000,0x000000008b6b0a00,0x000000008b700000)
 Metaspace       used 72200K, committed 73664K, reserved 1179648K
  class space    used 7707K, committed 8320K, reserved 1048576K
}
Event: 49.048 GC heap before
{Heap before GC invocations=126 (full 3):
 PSYoungGen      total 19968K, used 19744K [0x00000000d5580000, 0x00000000d6a80000, 0x0000000100000000)
  eden space 18944K, 100% used [0x00000000d5580000,0x00000000d6800000,0x00000000d6800000)
  from space 1024K, 78% used [0x00000000d6980000,0x00000000d6a48040,0x00000000d6a80000)
  to   space 1024K, 0% used [0x00000000d6880000,0x00000000d6880000,0x00000000d6980000)
 ParOldGen       total 187392K, used 187074K [0x0000000080000000, 0x000000008b700000, 0x00000000d5580000)
  object space 187392K, 99% used [0x0000000080000000,0x000000008b6b0a00,0x000000008b700000)
 Metaspace       used 72727K, committed 74240K, reserved 1179648K
  class space    used 7775K, committed 8448K, reserved 1048576K
}
Event: 49.050 GC heap after
{Heap after GC invocations=126 (full 3):
 PSYoungGen      total 19968K, used 768K [0x00000000d5580000, 0x00000000d6a00000, 0x0000000100000000)
  eden space 18944K, 0% used [0x00000000d5580000,0x00000000d5580000,0x00000000d6800000)
  from space 1024K, 75% used [0x00000000d6880000,0x00000000d6940000,0x00000000d6980000)
  to   space 512K, 0% used [0x00000000d6980000,0x00000000d6980000,0x00000000d6a00000)
 ParOldGen       total 187904K, used 187410K [0x0000000080000000, 0x000000008b780000, 0x00000000d5580000)
  object space 187904K, 99% used [0x0000000080000000,0x000000008b704a40,0x000000008b780000)
 Metaspace       used 72727K, committed 74240K, reserved 1179648K
  class space    used 7775K, committed 8448K, reserved 1048576K
}
Event: 49.482 GC heap before
{Heap before GC invocations=127 (full 3):
 PSYoungGen      total 19968K, used 19712K [0x00000000d5580000, 0x00000000d6a00000, 0x0000000100000000)
  eden space 18944K, 100% used [0x00000000d5580000,0x00000000d6800000,0x00000000d6800000)
  from space 1024K, 75% used [0x00000000d6880000,0x00000000d6940000,0x00000000d6980000)
  to   space 512K, 0% used [0x00000000d6980000,0x00000000d6980000,0x00000000d6a00000)
 ParOldGen       total 187904K, used 187410K [0x0000000080000000, 0x000000008b780000, 0x00000000d5580000)
  object space 187904K, 99% used [0x0000000080000000,0x000000008b704a40,0x000000008b780000)
 Metaspace       used 72858K, committed 74432K, reserved 1179648K
  class space    used 7789K, committed 8448K, reserved 1048576K
}
Event: 49.484 GC heap after
{Heap after GC invocations=127 (full 3):
 PSYoungGen      total 19456K, used 448K [0x00000000d5580000, 0x00000000d6a00000, 0x0000000100000000)
  eden space 18944K, 0% used [0x00000000d5580000,0x00000000d5580000,0x00000000d6800000)
  from space 512K, 87% used [0x00000000d6980000,0x00000000d69f0000,0x00000000d6a00000)
  to   space 1024K, 0% used [0x00000000d6800000,0x00000000d6800000,0x00000000d6900000)
 ParOldGen       total 188416K, used 187960K [0x0000000080000000, 0x000000008b800000, 0x00000000d5580000)
  object space 188416K, 99% used [0x0000000080000000,0x000000008b78e188,0x000000008b800000)
 Metaspace       used 72858K, committed 74432K, reserved 1179648K
  class space    used 7789K, committed 8448K, reserved 1048576K
}
Event: 49.967 GC heap before
{Heap before GC invocations=128 (full 3):
 PSYoungGen      total 19456K, used 19392K [0x00000000d5580000, 0x00000000d6a00000, 0x0000000100000000)
  eden space 18944K, 100% used [0x00000000d5580000,0x00000000d6800000,0x00000000d6800000)
  from space 512K, 87% used [0x00000000d6980000,0x00000000d69f0000,0x00000000d6a00000)
  to   space 1024K, 0% used [0x00000000d6800000,0x00000000d6800000,0x00000000d6900000)
 ParOldGen       total 188416K, used 187960K [0x0000000080000000, 0x000000008b800000, 0x00000000d5580000)
  object space 188416K, 99% used [0x0000000080000000,0x000000008b78e188,0x000000008b800000)
 Metaspace       used 73305K, committed 74880K, reserved 1179648K
  class space    used 7819K, committed 8448K, reserved 1048576K
}
Event: 49.969 GC heap after
{Heap after GC invocations=128 (full 3):
 PSYoungGen      total 19968K, used 576K [0x00000000d5580000, 0x00000000d6a00000, 0x0000000100000000)
  eden space 18944K, 0% used [0x00000000d5580000,0x00000000d5580000,0x00000000d6800000)
  from space 1024K, 56% used [0x00000000d6800000,0x00000000d6890000,0x00000000d6900000)
  to   space 1024K, 0% used [0x00000000d6900000,0x00000000d6900000,0x00000000d6a00000)
 ParOldGen       total 188416K, used 188184K [0x0000000080000000, 0x000000008b800000, 0x00000000d5580000)
  object space 188416K, 99% used [0x0000000080000000,0x000000008b7c6188,0x000000008b800000)
 Metaspace       used 73305K, committed 74880K, reserved 1179648K
  class space    used 7819K, committed 8448K, reserved 1048576K
}
Event: 50.218 GC heap before
{Heap before GC invocations=129 (full 3):
 PSYoungGen      total 19968K, used 19520K [0x00000000d5580000, 0x00000000d6a00000, 0x0000000100000000)
  eden space 18944K, 100% used [0x00000000d5580000,0x00000000d6800000,0x00000000d6800000)
  from space 1024K, 56% used [0x00000000d6800000,0x00000000d6890000,0x00000000d6900000)
  to   space 1024K, 0% used [0x00000000d6900000,0x00000000d6900000,0x00000000d6a00000)
 ParOldGen       total 188416K, used 188184K [0x0000000080000000, 0x000000008b800000, 0x00000000d5580000)
  object space 188416K, 99% used [0x0000000080000000,0x000000008b7c6188,0x000000008b800000)
 Metaspace       used 73371K, committed 74944K, reserved 1179648K
  class space    used 7822K, committed 8448K, reserved 1048576K
}
Event: 50.220 GC heap after
{Heap after GC invocations=129 (full 3):
 PSYoungGen      total 19968K, used 864K [0x00000000d5580000, 0x00000000d6a00000, 0x0000000100000000)
  eden space 18944K, 0% used [0x00000000d5580000,0x00000000d5580000,0x00000000d6800000)
  from space 1024K, 84% used [0x00000000d6900000,0x00000000d69d8020,0x00000000d6a00000)
  to   space 1024K, 0% used [0x00000000d6800000,0x00000000d6800000,0x00000000d6900000)
 ParOldGen       total 189440K, used 189193K [0x0000000080000000, 0x000000008b900000, 0x00000000d5580000)
  object space 189440K, 99% used [0x0000000080000000,0x000000008b8c26a8,0x000000008b900000)
 Metaspace       used 73371K, committed 74944K, reserved 1179648K
  class space    used 7822K, committed 8448K, reserved 1048576K
}
Event: 50.816 GC heap before
{Heap before GC invocations=130 (full 3):
 PSYoungGen      total 19968K, used 19791K [0x00000000d5580000, 0x00000000d6a00000, 0x0000000100000000)
  eden space 18944K, 99% used [0x00000000d5580000,0x00000000d67fbd20,0x00000000d6800000)
  from space 1024K, 84% used [0x00000000d6900000,0x00000000d69d8020,0x00000000d6a00000)
  to   space 1024K, 0% used [0x00000000d6800000,0x00000000d6800000,0x00000000d6900000)
 ParOldGen       total 189440K, used 189193K [0x0000000080000000, 0x000000008b900000, 0x00000000d5580000)
  object space 189440K, 99% used [0x0000000080000000,0x000000008b8c26a8,0x000000008b900000)
 Metaspace       used 74216K, committed 75840K, reserved 1179648K
  class space    used 7916K, committed 8576K, reserved 1048576K
}
Event: 50.820 GC heap after
{Heap after GC invocations=130 (full 3):
 PSYoungGen      total 19968K, used 1008K [0x00000000d5580000, 0x00000000d7600000, 0x0000000100000000)
  eden space 18944K, 0% used [0x00000000d5580000,0x00000000d5580000,0x00000000d6800000)
  from space 1024K, 98% used [0x00000000d6800000,0x00000000d68fc3f0,0x00000000d6900000)
  to   space 7168K, 0% used [0x00000000d6f00000,0x00000000d6f00000,0x00000000d7600000)
 ParOldGen       total 194560K, used 194320K [0x0000000080000000, 0x000000008be00000, 0x00000000d5580000)
  object space 194560K, 99% used [0x0000000080000000,0x000000008bdc4248,0x000000008be00000)
 Metaspace       used 74216K, committed 75840K, reserved 1179648K
  class space    used 7916K, committed 8576K, reserved 1048576K
}
Event: 51.039 GC heap before
{Heap before GC invocations=131 (full 3):
 PSYoungGen      total 19968K, used 19952K [0x00000000d5580000, 0x00000000d7600000, 0x0000000100000000)
  eden space 18944K, 100% used [0x00000000d5580000,0x00000000d6800000,0x00000000d6800000)
  from space 1024K, 98% used [0x00000000d6800000,0x00000000d68fc3f0,0x00000000d6900000)
  to   space 7168K, 0% used [0x00000000d6f00000,0x00000000d6f00000,0x00000000d7600000)
 ParOldGen       total 194560K, used 194320K [0x0000000080000000, 0x000000008be00000, 0x00000000d5580000)
  object space 194560K, 99% used [0x0000000080000000,0x000000008bdc4248,0x000000008be00000)
 Metaspace       used 74370K, committed 75968K, reserved 1179648K
  class space    used 7931K, committed 8576K, reserved 1048576K
}
Event: 51.042 GC heap after
{Heap after GC invocations=131 (full 3):
 PSYoungGen      total 21504K, used 2048K [0x00000000d5580000, 0x00000000d7180000, 0x0000000100000000)
  eden space 18944K, 0% used [0x00000000d5580000,0x00000000d5580000,0x00000000d6800000)
  from space 2560K, 80% used [0x00000000d6f00000,0x00000000d7100020,0x00000000d7180000)
  to   space 3584K, 0% used [0x00000000d6a80000,0x00000000d6a80000,0x00000000d6e00000)
 ParOldGen       total 195072K, used 194560K [0x0000000080000000, 0x000000008be80000, 0x00000000d5580000)
  object space 195072K, 99% used [0x0000000080000000,0x000000008be00258,0x000000008be80000)
 Metaspace       used 74370K, committed 75968K, reserved 1179648K
  class space    used 7931K, committed 8576K, reserved 1048576K
}

